# JRE version: Java(TM) SE Runtime Environment (8.0_102-b14) (build 1.8.0_102-b14)
# Java VM: Java HotSpot(TM) 64-Bit Server VM (25.102-b14 mixed mode linux-amd64 compressed oops)
Heap:
 PSYoungGen      total 388608K, used 246573K [0x00000000d7400000, 0x00000000f2000000, 0x0000000100000000)
  eden space 373248K, 64% used [0x00000000d7400000,0x00000000e600b560,0x00000000ee080000)
  from space 15360K, 31% used [0x00000000efb00000,0x00000000effbfef0,0x00000000f0a00000)
  to   space 27136K, 0% used [0x00000000ee080000,0x00000000ee080000,0x00000000efb00000)
 ParOldGen       total 103936K, used 52049K [0x0000000085c00000, 0x000000008c180000, 0x00000000d7400000)
  object space 103936K, 50% used [0x0000000085c00000,0x0000000088ed4528,0x000000008c180000)
 Metaspace       used 34092K, capacity 35480K, committed 35584K, reserved 1081344K
  class space    used 4332K, capacity 4591K, committed 4608K, reserved 1048576K
GC Heap History (10 events):
Event: 16.251 GC heap before
{Heap before GC invocations=8 (full 1):
 PSYoungGen      total 133632K, used 3524K [0x00000000d7400000, 0x00000000e7a00000, 0x0000000100000000)
  eden space 125952K, 0% used [0x00000000d7400000,0x00000000d7400000,0x00000000def00000)
  from space 7680K, 45% used [0x00000000def00000,0x00000000df271368,0x00000000df680000)
  to   space 8192K, 0% used [0x00000000e7200000,0x00000000e7200000,0x00000000e7a00000)
 ParOldGen       total 84992K, used 6411K [0x0000000085c00000, 0x000000008af00000, 0x00000000d7400000)
  object space 84992K, 7% used [0x0000000085c00000,0x0000000086242c18,0x000000008af00000)
 Metaspace       used 20606K, capacity 21050K, committed 21248K, reserved 1067008K
  class space    used 2588K, capacity 2723K, committed 2816K, reserved 1048576K
Event: 16.317 GC heap after
Heap after GC invocations=8 (full 1):
 PSYoungGen      total 133632K, used 0K [0x00000000d7400000, 0x00000000e7a00000, 0x0000000100000000)
  eden space 125952K, 0% used [0x00000000d7400000,0x00000000d7400000,0x00000000def00000)
  from space 7680K, 0% used [0x00000000def00000,0x00000000def00000,0x00000000df680000)
  to   space 8192K, 0% used [0x00000000e7200000,0x00000000e7200000,0x00000000e7a00000)
 ParOldGen       total 43520K, used 7204K [0x0000000085c00000, 0x0000000088680000, 0x00000000d7400000)
  object space 43520K, 16% used [0x0000000085c00000,0x0000000086309390,0x0000000088680000)
 Metaspace       used 20606K, capacity 21050K, committed 21248K, reserved 1067008K
  class space    used 2588K, capacity 2723K, committed 2816K, reserved 1048576K
}
Event: 17.799 GC heap before
{Heap before GC invocations=9 (full 1):
 PSYoungGen      total 133632K, used 125952K [0x00000000d7400000, 0x00000000e7a00000, 0x0000000100000000)
  eden space 125952K, 100% used [0x00000000d7400000,0x00000000def00000,0x00000000def00000)
  from space 7680K, 0% used [0x00000000def00000,0x00000000def00000,0x00000000df680000)
  to   space 8192K, 0% used [0x00000000e7200000,0x00000000e7200000,0x00000000e7a00000)
 ParOldGen       total 43520K, used 7204K [0x0000000085c00000, 0x0000000088680000, 0x00000000d7400000)
  object space 43520K, 16% used [0x0000000085c00000,0x0000000086309390,0x0000000088680000)
 Metaspace       used 22142K, capacity 22610K, committed 22912K, reserved 1069056K
  class space    used 2769K, capacity 2919K, committed 2944K, reserved 1048576K
Event: 17.818 GC heap after
Heap after GC invocations=9 (full 1):
 PSYoungGen      total 249856K, used 3435K [0x00000000d7400000, 0x00000000e7580000, 0x0000000100000000)
  eden space 246272K, 0% used [0x00000000d7400000,0x00000000d7400000,0x00000000e6480000)
  from space 3584K, 95% used [0x00000000e7200000,0x00000000e755ace0,0x00000000e7580000)
  to   space 8192K, 0% used [0x00000000e6580000,0x00000000e6580000,0x00000000e6d80000)
 ParOldGen       total 43520K, used 7212K [0x0000000085c00000, 0x0000000088680000, 0x00000000d7400000)
  object space 43520K, 16% used [0x0000000085c00000,0x000000008630b390,0x0000000088680000)
 Metaspace       used 22142K, capacity 22610K, committed 22912K, reserved 1069056K
  class space    used 2769K, capacity 2919K, committed 2944K, reserved 1048576K
}
Event: 50.922 GC heap before
{Heap before GC invocations=10 (full 1):
 PSYoungGen      total 249856K, used 249707K [0x00000000d7400000, 0x00000000e7580000, 0x0000000100000000)
  eden space 246272K, 100% used [0x00000000d7400000,0x00000000e6480000,0x00000000e6480000)
  from space 3584K, 95% used [0x00000000e7200000,0x00000000e755ace0,0x00000000e7580000)
  to   space 8192K, 0% used [0x00000000e6580000,0x00000000e6580000,0x00000000e6d80000)
 ParOldGen       total 43520K, used 7212K [0x0000000085c00000, 0x0000000088680000, 0x00000000d7400000)
  object space 43520K, 16% used [0x0000000085c00000,0x000000008630b390,0x0000000088680000)
 Metaspace       used 31970K, capacity 33268K, committed 33536K, reserved 1079296K
  class space    used 4270K, capacity 4493K, committed 4608K, reserved 1048576K
Event: 50.941 GC heap after
Heap after GC invocations=10 (full 1):
 PSYoungGen      total 255488K, used 8181K [0x00000000d7400000, 0x00000000f0a00000, 0x0000000100000000)
  eden space 247296K, 0% used [0x00000000d7400000,0x00000000d7400000,0x00000000e6580000)
  from space 8192K, 99% used [0x00000000e6580000,0x00000000e6d7d438,0x00000000e6d80000)
  to   space 15360K, 0% used [0x00000000efb00000,0x00000000efb00000,0x00000000f0a00000)
 ParOldGen       total 43520K, used 22979K [0x0000000085c00000, 0x0000000088680000, 0x00000000d7400000)
  object space 43520K, 52% used [0x0000000085c00000,0x0000000087270cf8,0x0000000088680000)
 Metaspace       used 31970K, capacity 33268K, committed 33536K, reserved 1079296K
  class space    used 4270K, capacity 4493K, committed 4608K, reserved 1048576K
}
Event: 4674.419 GC heap before
{Heap before GC invocations=11 (full 1):
 PSYoungGen      total 255488K, used 255477K [0x00000000d7400000, 0x00000000f0a00000, 0x0000000100000000)
  eden space 247296K, 100% used [0x00000000d7400000,0x00000000e6580000,0x00000000e6580000)
  from space 8192K, 99% used [0x00000000e6580000,0x00000000e6d7d438,0x00000000e6d80000)
  to   space 15360K, 0% used [0x00000000efb00000,0x00000000efb00000,0x00000000f0a00000)
 ParOldGen       total 43520K, used 22979K [0x0000000085c00000, 0x0000000088680000, 0x00000000d7400000)
  object space 43520K, 52% used [0x0000000085c00000,0x0000000087270cf8,0x0000000088680000)
 Metaspace       used 33596K, capacity 34912K, committed 35072K, reserved 1079296K
  class space    used 4317K, capacity 4559K, committed 4608K, reserved 1048576K
Event: 4674.489 GC heap after
Heap after GC invocations=11 (full 1):
 PSYoungGen      total 388608K, used 15354K [0x00000000d7400000, 0x00000000f2000000, 0x0000000100000000)
  eden space 373248K, 0% used [0x00000000d7400000,0x00000000d7400000,0x00000000ee080000)
  from space 15360K, 99% used [0x00000000efb00000,0x00000000f09feb38,0x00000000f0a00000)
  to   space 27136K, 0% used [0x00000000ee080000,0x00000000ee080000,0x00000000efb00000)
 ParOldGen       total 52736K, used 48842K [0x0000000085c00000, 0x0000000088f80000, 0x00000000d7400000)
  object space 52736K, 92% used [0x0000000085c00000,0x0000000088bb28e8,0x0000000088f80000)
 Metaspace       used 33596K, capacity 34912K, committed 35072K, reserved 1079296K
  class space    used 4317K, capacity 4559K, committed 4608K, reserved 1048576K
}
Event: 4674.489 GC heap before
{Heap before GC invocations=12 (full 2):
 PSYoungGen      total 388608K, used 15354K [0x00000000d7400000, 0x00000000f2000000, 0x0000000100000000)
  eden space 373248K, 0% used [0x00000000d7400000,0x00000000d7400000,0x00000000ee080000)
  from space 15360K, 99% used [0x00000000efb00000,0x00000000f09feb38,0x00000000f0a00000)
  to   space 27136K, 0% used [0x00000000ee080000,0x00000000ee080000,0x00000000efb00000)
 ParOldGen       total 52736K, used 48842K [0x0000000085c00000, 0x0000000088f80000, 0x00000000d7400000)
  object space 52736K, 92% used [0x0000000085c00000,0x0000000088bb28e8,0x0000000088f80000)
 Metaspace       used 33596K, capacity 34912K, committed 35072K, reserved 1079296K
  class space    used 4317K, capacity 4559K, committed 4608K, reserved 1048576K
Event: 4674.650 GC heap after
Heap after GC invocations=12 (full 2):
 PSYoungGen      total 388608K, used 4863K [0x00000000d7400000, 0x00000000f2000000, 0x0000000100000000)
  eden space 373248K, 0% used [0x00000000d7400000,0x00000000d7400000,0x00000000ee080000)
  from space 15360K, 31% used [0x00000000efb00000,0x00000000effbfef0,0x00000000f0a00000)
  to   space 27136K, 0% used [0x00000000ee080000,0x00000000ee080000,0x00000000efb00000)
 ParOldGen       total 103936K, used 52049K [0x0000000085c00000, 0x000000008c180000, 0x00000000d7400000)
  object space 103936K, 50% used [0x0000000085c00000,0x0000000088ed4528,0x000000008c180000)
 Metaspace       used 33562K, capacity 34858K, committed 35072K, reserved 1079296K
  class space    used 4308K, capacity 4544K, committed 4608K, reserved 1048576K
}

