<?xml version="1.0" encoding="UTF-8"?>
<!-- Generated by org.testng.reporters.JUnitXMLReporter -->
<testsuite hostname="localhost.localdomain" name="Command line test bc34032c-6dd1-4de9-b972-30d82aa2b0a4" tests="33" failures="0" timestamp="4 Oct 2016 04:15:12 GMT" time="1.395" errors="0">
  <testcase name="testEventDisconnected on testEventDisconnected(org.zeromq.ZMQTest)" time="0.033" classname="org.zeromq.ZMQTest"/>
  <testcase name="testKeyDecode on testKeyDecode(org.zeromq.ZMQTest)" time="0.002" classname="org.zeromq.ZMQTest"/>
  <testcase name="testSendMoreRequestReplyOverTcp on testSendMoreRequestReplyOverTcp(org.zeromq.ZMQTest)" time="0.005" classname="org.zeromq.ZMQTest"/>
  <testcase name="testKeyEncode on testKeyEncode(org.zeromq.ZMQTest)" time="0.0" classname="org.zeromq.ZMQTest"/>
  <testcase name="testZeroCopyRecv on testZeroCopyRecv(org.zeromq.ZMQTest)" time="0.008" classname="org.zeromq.ZMQTest"/>
  <testcase name="testZeroCopySend on testZeroCopySend(org.zeromq.ZMQTest)" time="0.002" classname="org.zeromq.ZMQTest"/>
  <testcase name="testEventListening on testEventListening(org.zeromq.ZMQTest)" time="0.002" classname="org.zeromq.ZMQTest"/>
  <testcase name="testCurveBinaryKeys on testCurveBinaryKeys(org.zeromq.ZMQTest)" time="0.014" classname="org.zeromq.ZMQTest"/>
  <testcase name="testProxy on testProxy(org.zeromq.ZMQTest)" time="1.011" classname="org.zeromq.ZMQTest"/>
  <testcase name="testEventMonitorStopped on testEventMonitorStopped(org.zeromq.ZMQTest)" time="0.001" classname="org.zeromq.ZMQTest"/>
  <testcase name="testWritingToClosedSocket on testWritingToClosedSocket(org.zeromq.ZMQTest)" time="0.003" classname="org.zeromq.ZMQTest"/>
  <testcase name="testBindToRandomPort on testBindToRandomPort(org.zeromq.ZMQTest)" time="0.034" classname="org.zeromq.ZMQTest"/>
  <testcase name="testEventClosed on testEventClosed(org.zeromq.ZMQTest)" time="0.002" classname="org.zeromq.ZMQTest"/>
  <testcase name="testEventConnected on testEventConnected(org.zeromq.ZMQTest)" time="0.002" classname="org.zeromq.ZMQTest"/>
  <testcase name="testSetXpubVerbose on testSetXpubVerbose(org.zeromq.ZMQTest)" time="0.006" classname="org.zeromq.ZMQTest"/>
  <testcase name="testByteBufferRecvTooLarge on testByteBufferRecvTooLarge(org.zeromq.ZMQTest)" time="0.002" classname="org.zeromq.ZMQTest"/>
  <testcase name="testEventBindFailed on testEventBindFailed(org.zeromq.ZMQTest)" time="0.001" classname="org.zeromq.ZMQTest"/>
  <testcase name="testByteBufferRecv on testByteBufferRecv(org.zeromq.ZMQTest)" time="0.001" classname="org.zeromq.ZMQTest"/>
  <testcase name="testByteBufferSend on testByteBufferSend(org.zeromq.ZMQTest)" time="0.001" classname="org.zeromq.ZMQTest"/>
  <testcase name="testPollingInvalidSockets on testPollingInvalidSockets(org.zeromq.ZMQTest)" time="0.001" classname="org.zeromq.ZMQTest"/>
  <testcase name="testEventConnectRetried on testEventConnectRetried(org.zeromq.ZMQTest)" time="0.001" classname="org.zeromq.ZMQTest"/>
  <testcase name="testBindToSystemRandomPort on testBindToSystemRandomPort(org.zeromq.ZMQTest)" time="0.001" classname="org.zeromq.ZMQTest"/>
  <testcase name="testKeyEncodeDecode on testKeyEncodeDecode(org.zeromq.ZMQTest)" time="0.115" classname="org.zeromq.ZMQTest"/>
  <testcase name="testGetVersion on testGetVersion(org.zeromq.ZMQTest)" time="0.0" classname="org.zeromq.ZMQTest"/>
  <testcase name="testEventConnectDelayed on testEventConnectDelayed(org.zeromq.ZMQTest)" time="0.004" classname="org.zeromq.ZMQTest"/>
  <testcase name="testMakeVersion on testMakeVersion(org.zeromq.ZMQTest)" time="0.0" classname="org.zeromq.ZMQTest"/>
  <testcase name="testXPUBSUB on testXPUBSUB(org.zeromq.ZMQTest)" time="0.0" classname="org.zeromq.ZMQTest"/>
  <testcase name="testSetOption on testSetOption(org.zeromq.ZMQTest)" time="0.001" classname="org.zeromq.ZMQTest"/>
  <testcase name="testRouterMandatory on testRouterMandatory(org.zeromq.ZMQTest)" time="0.0" classname="org.zeromq.ZMQTest"/>
  <testcase name="testPollerUnregister on testPollerUnregister(org.zeromq.ZMQTest)" time="0.0" classname="org.zeromq.ZMQTest"/>
  <testcase name="testCurveZ85Keys on testCurveZ85Keys(org.zeromq.ZMQTest)" time="0.017" classname="org.zeromq.ZMQTest"/>
  <testcase name="testReqRep on testReqRep(org.zeromq.ZMQTest)" time="0.0" classname="org.zeromq.ZMQTest"/>
  <testcase name="testEventAccepted on testEventAccepted(org.zeromq.ZMQTest)" time="0.004" classname="org.zeromq.ZMQTest"/>
</testsuite> <!-- Command line test bc34032c-6dd1-4de9-b972-30d82aa2b0a4 -->
