<?xml version="1.0" encoding="UTF-8"?>
<testsuite name="TestSuite" time="2.224" tests="40" errors="0" skipped="0" failures="0">
  <properties>
[...]
</properties>
  <testcase name="testEventDisconnected on testEventDisconnected(org.zeromq.ZMQTest)" classname="org.zeromq.ZMQTest" time="0.013"/>
  <testcase name="testKeyDecode on testKeyDecode(org.zeromq.ZMQTest)" classname="org.zeromq.ZMQTest" time="0"/>
  <testcase name="testSendMoreRequestReplyOverTcp on testSendMoreRequestReplyOverTcp(org.zeromq.ZMQTest)" classname="org.zeromq.ZMQTest" time="0.006"/>
  <testcase name="testKeyEncode on testKeyEncode(org.zeromq.ZMQTest)" classname="org.zeromq.ZMQTest" time="0"/>
  <testcase name="testZeroCopyRecv on testZeroCopyRecv(org.zeromq.ZMQTest)" classname="org.zeromq.ZMQTest" time="0.005"/>
  <testcase name="testZeroCopySend on testZeroCopySend(org.zeromq.ZMQTest)" classname="org.zeromq.ZMQTest" time="0.002"/>
  <testcase name="testEventListening on testEventListening(org.zeromq.ZMQTest)" classname="org.zeromq.ZMQTest" time="0.002"/>
  <testcase name="testCurveBinaryKeys on testCurveBinaryKeys(org.zeromq.ZMQTest)" classname="org.zeromq.ZMQTest" time="0.015"/>
  <testcase name="testProxy on testProxy(org.zeromq.ZMQTest)" classname="org.zeromq.ZMQTest" time="1.01"/>
  <testcase name="testEventMonitorStopped on testEventMonitorStopped(org.zeromq.ZMQTest)" classname="org.zeromq.ZMQTest" time="0.004"/>
  <testcase name="testWritingToClosedSocket on testWritingToClosedSocket(org.zeromq.ZMQTest)" classname="org.zeromq.ZMQTest" time="0.026"/>
  <testcase name="testBindToRandomPort on testBindToRandomPort(org.zeromq.ZMQTest)" classname="org.zeromq.ZMQTest" time="0.009"/>
  <testcase name="testEventClosed on testEventClosed(org.zeromq.ZMQTest)" classname="org.zeromq.ZMQTest" time="0.001"/>
  <testcase name="testEventConnected on testEventConnected(org.zeromq.ZMQTest)" classname="org.zeromq.ZMQTest" time="0.002"/>
  <testcase name="testSetXpubVerbose on testSetXpubVerbose(org.zeromq.ZMQTest)" classname="org.zeromq.ZMQTest" time="0.006"/>
  <testcase name="testByteBufferRecvTooLarge on testByteBufferRecvTooLarge(org.zeromq.ZMQTest)" classname="org.zeromq.ZMQTest" time="0.003"/>
  <testcase name="testEventBindFailed on testEventBindFailed(org.zeromq.ZMQTest)" classname="org.zeromq.ZMQTest" time="0.001"/>
  <testcase name="testByteBufferRecv on testByteBufferRecv(org.zeromq.ZMQTest)" classname="org.zeromq.ZMQTest" time="0.001"/>
  <testcase name="testByteBufferSend on testByteBufferSend(org.zeromq.ZMQTest)" classname="org.zeromq.ZMQTest" time="0.003"/>
  <testcase name="testPollingInvalidSockets on testPollingInvalidSockets(org.zeromq.ZMQTest)" classname="org.zeromq.ZMQTest" time="0"/>
  <testcase name="testEventConnectRetried on testEventConnectRetried(org.zeromq.ZMQTest)" classname="org.zeromq.ZMQTest" time="0.012"/>
  <testcase name="testBindToSystemRandomPort on testBindToSystemRandomPort(org.zeromq.ZMQTest)" classname="org.zeromq.ZMQTest" time="0"/>
  <testcase name="testKeyEncodeDecode on testKeyEncodeDecode(org.zeromq.ZMQTest)" classname="org.zeromq.ZMQTest" time="0.107"/>
  <testcase name="testGetVersion on testGetVersion(org.zeromq.ZMQTest)" classname="org.zeromq.ZMQTest" time="0"/>
  <testcase name="testEventConnectDelayed on testEventConnectDelayed(org.zeromq.ZMQTest)" classname="org.zeromq.ZMQTest" time="0.003"/>
  <testcase name="testMakeVersion on testMakeVersion(org.zeromq.ZMQTest)" classname="org.zeromq.ZMQTest" time="0"/>
  <testcase name="testXPUBSUB on testXPUBSUB(org.zeromq.ZMQTest)" classname="org.zeromq.ZMQTest" time="0"/>
  <testcase name="testSetOption on testSetOption(org.zeromq.ZMQTest)" classname="org.zeromq.ZMQTest" time="0.001"/>
  <testcase name="testRouterMandatory on testRouterMandatory(org.zeromq.ZMQTest)" classname="org.zeromq.ZMQTest" time="0.001"/>
  <testcase name="testPollerUnregister on testPollerUnregister(org.zeromq.ZMQTest)" classname="org.zeromq.ZMQTest" time="0.003"/>
  <testcase name="testCurveZ85Keys on testCurveZ85Keys(org.zeromq.ZMQTest)" classname="org.zeromq.ZMQTest" time="0.017"/>
  <testcase name="testReqRep on testReqRep(org.zeromq.ZMQTest)" classname="org.zeromq.ZMQTest" time="0"/>
  <testcase name="testEventAccepted on testEventAccepted(org.zeromq.ZMQTest)" classname="org.zeromq.ZMQTest" time="0.017"/>
  <testcase name="rewriteMacOSX on rewriteMacOSX(org.zeromq.EmbeddedLibraryToolsTest)" classname="org.zeromq.EmbeddedLibraryToolsTest" time="0.023"/>
  <testcase name="passThroughLinux32Bit on passThroughLinux32Bit(org.zeromq.EmbeddedLibraryToolsTest)" classname="org.zeromq.EmbeddedLibraryToolsTest" time="0"/>
  <testcase name="rewriteWindowsXP on rewriteWindowsXP(org.zeromq.EmbeddedLibraryToolsTest)" classname="org.zeromq.EmbeddedLibraryToolsTest" time="0"/>
  <testcase name="rewriteWindows8 on rewriteWindows8(org.zeromq.EmbeddedLibraryToolsTest)" classname="org.zeromq.EmbeddedLibraryToolsTest" time="0"/>
  <testcase name="rewriteSpacesInPath on rewriteSpacesInPath(org.zeromq.EmbeddedLibraryToolsTest)" classname="org.zeromq.EmbeddedLibraryToolsTest" time="0"/>
  <testcase name="multiLibLoad on multiLibLoad(org.zeromq.EmbeddedLibraryToolsTest)" classname="org.zeromq.EmbeddedLibraryToolsTest" time="0.529"/>
  <testcase name="libsAsProp on libsAsProp(org.zeromq.EmbeddedLibraryToolsTest)" classname="org.zeromq.EmbeddedLibraryToolsTest" time="0.402"/>
</testsuite>