<?xml version="1.0" encoding="UTF-8"?>
<!-- Generated by org.testng.reporters.JUnitXMLReporter -->
<testsuite hostname="localhost.localdomain" name="Command line test 41ff2a22-7771-4689-a981-618f56043f5c" tests="7" failures="0" timestamp="4 Oct 2016 04:14:51 GMT" time="2.238" errors="0">
  <testcase name="rewriteWindowsXP on rewriteWindowsXP(org.zeromq.EmbeddedLibraryToolsTest)" time="0.019" classname="org.zeromq.EmbeddedLibraryToolsTest"/>
  <testcase name="passThroughLinux32Bit on passThroughLinux32Bit(org.zeromq.EmbeddedLibraryToolsTest)" time="0.001" classname="org.zeromq.EmbeddedLibraryToolsTest"/>
  <testcase name="rewriteSpacesInPath on rewriteSpacesInPath(org.zeromq.EmbeddedLibraryToolsTest)" time="0.001" classname="org.zeromq.EmbeddedLibraryToolsTest"/>
  <testcase name="rewriteWindows8 on rewriteWindows8(org.zeromq.EmbeddedLibraryToolsTest)" time="0.001" classname="org.zeromq.EmbeddedLibraryToolsTest"/>
  <testcase name="rewriteMacOSX on rewriteMacOSX(org.zeromq.EmbeddedLibraryToolsTest)" time="0.001" classname="org.zeromq.EmbeddedLibraryToolsTest"/>
  <testcase name="libsAsProp on libsAsProp(org.zeromq.EmbeddedLibraryToolsTest)" time="0.518" classname="org.zeromq.EmbeddedLibraryToolsTest"/>
  <testcase name="multiLibLoad on multiLibLoad(org.zeromq.EmbeddedLibraryToolsTest)" time="0.431" classname="org.zeromq.EmbeddedLibraryToolsTest"/>
</testsuite> <!-- Command line test 41ff2a22-7771-4689-a981-618f56043f5c -->
